Using pre-set license
Built from '2020.2/staging' branch; Version is '2020.2.6f1 (8a2143876886) revision 9052483'; Using compiler version '192528614'; Build Type 'Release'
OS: 'Windows 10 Pro; OS build 19042.867; Version 2009; 64bit' Language: 'en' Physical Memory: 8053 MB
BatchMode: 1, IsHumanControllingUs: 0, StartBugReporterOnCrash: 0, Is64bit: 1, IsPro: 0

 COMMAND LINE ARGUMENTS:
C:\Program Files\Unity\Hub\Editor\2020.2.6f1\Editor\Unity.exe
-adb2
-batchMode
-noUpm
-name
AssetImportWorker0
-projectPath
C:/Users/Sarbjot Singh/Documents/GitHub/EcologyofNewZealand/Ecology of New Zealand
-logFile
Logs/AssetImportWorker0.log
-srvPort
52559
Successfully changed project path to: C:/Users/Sarbjot Singh/Documents/GitHub/EcologyofNewZealand/Ecology of New Zealand
C:/Users/Sarbjot Singh/Documents/GitHub/EcologyofNewZealand/Ecology of New Zealand
Using Asset Import Pipeline V2.
Refreshing native plugins compatible for Editor in 39.57 ms, found 0 plugins.
Preloading 0 native plugins for Editor in 0.00 ms.
Initialize engine version: 2020.2.6f1 (8a2143876886)
[Subsystems] Discovering subsystems at path C:/Program Files/Unity/Hub/Editor/2020.2.6f1/Editor/Data/Resources/UnitySubsystems
[Subsystems] Discovering subsystems at path C:/Users/Sarbjot Singh/Documents/GitHub/EcologyofNewZealand/Ecology of New Zealand/Assets
GfxDevice: creating device client; threaded=0
Direct3D:
    Version:  Direct3D 11.0 [level 11.1]
    Renderer: NVIDIA GeForce GTX 1060 6GB (ID=0x1c03)
    Vendor:   
    VRAM:     6052 MB
    Driver:   27.21.14.6109
Initialize mono
Mono path[0] = 'C:/Program Files/Unity/Hub/Editor/2020.2.6f1/Editor/Data/Managed'
Mono path[1] = 'C:/Program Files/Unity/Hub/Editor/2020.2.6f1/Editor/Data/MonoBleedingEdge/lib/mono/unityjit'
Mono config path = 'C:/Program Files/Unity/Hub/Editor/2020.2.6f1/Editor/Data/MonoBleedingEdge/etc'
Using monoOptions --debugger-agent=transport=dt_socket,embedding=1,server=y,suspend=n,address=127.0.0.1:56948
Begin MonoManager ReloadAssembly
Registering precompiled unity dll's ...
Register platform support module: C:/Program Files/Unity/Hub/Editor/2020.2.6f1/Editor/Data/PlaybackEngines/WebGLSupport/UnityEditor.WebGL.Extensions.dll
Register platform support module: C:/Program Files/Unity/Hub/Editor/2020.2.6f1/Editor/Data/PlaybackEngines/WindowsStandaloneSupport/UnityEditor.WindowsStandalone.Extensions.dll
Registered in 0.004043 seconds.
Native extension for WindowsStandalone target not found
Native extension for WebGL target not found
Refreshing native plugins compatible for Editor in 42.84 ms, found 0 plugins.
Preloading 0 native plugins for Editor in 0.00 ms.
Invoked RoslynAnalysisRunner static constructor.
RoslynAnalysisRunner will not be running.
RoslynAnalysisRunner has terminated.
Mono: successfully reloaded assembly
- Completed reload, in  1.838 seconds
Platform modules already initialized, skipping
Registering precompiled user dll's ...
Registered in 0.000974 seconds.
Begin MonoManager ReloadAssembly
Native extension for WindowsStandalone target not found
Native extension for WebGL target not found
Refreshing native plugins compatible for Editor in 45.32 ms, found 0 plugins.
Preloading 0 native plugins for Editor in 0.00 ms.
Invoked RoslynAnalysisRunner static constructor.
RoslynAnalysisRunner will not be running.
RoslynAnalysisRunner has terminated.
Mono: successfully reloaded assembly
- Completed reload, in  1.834 seconds
Platform modules already initialized, skipping
========================================================================
Worker process is ready to serve import requests
Launched and connected shader compiler UnityShaderCompiler.exe after 0.06 seconds
Refreshing native plugins compatible for Editor in 0.47 ms, found 0 plugins.
Preloading 0 native plugins for Editor in 0.00 ms.
Unloading 1494 Unused Serialized files (Serialized files now loaded: 0)
System memory in use before: 92.3 MB.
System memory in use after: 92.2 MB.

Unloading 24 unused Assets to reduce memory usage. Loaded Objects now: 1972.
Total: 2.418900 ms (FindLiveObjects: 0.199000 ms CreateObjectMapping: 0.245900 ms MarkObjects: 1.720100 ms  DeleteObjects: 0.252600 ms)

========================================================================
Received Import Request.
  path: Assets/FinishedBlend.png
  artifactKey: Guid(27e9833ff5939a941827a675c466e312) Importer(815301076,1909f56bfc062723c751e8b465ee728b)
Start importing Assets/FinishedBlend.png using Guid(27e9833ff5939a941827a675c466e312) Importer(815301076,1909f56bfc062723c751e8b465ee728b)  -> (artifact id: 'df4e1db70bdfbfd6c2807c93f4df9399') in 0.315819 seconds
  Import took 0.319166 seconds .

========================================================================
Received Import Request.
  Time since last request: 34.508613 seconds.
  path: Assets/Materials/Gold.asset
  artifactKey: Guid(d28c83bbefee3d54ba964df3575ea474) Importer(815301076,1909f56bfc062723c751e8b465ee728b)
Start importing Assets/Materials/Gold.asset using Guid(d28c83bbefee3d54ba964df3575ea474) Importer(815301076,1909f56bfc062723c751e8b465ee728b)  -> (artifact id: '16f622c66c44adbe2c1916ec6a51e2a5') in 0.024736 seconds
  Import took 0.028173 seconds .

========================================================================
Received Import Request.
  Time since last request: 15.347440 seconds.
  path: Assets/Images
  artifactKey: Guid(34f3f05d1dd9a1d4e968c97a106e0a49) Importer(815301076,1909f56bfc062723c751e8b465ee728b)
Start importing Assets/Images using Guid(34f3f05d1dd9a1d4e968c97a106e0a49) Importer(815301076,1909f56bfc062723c751e8b465ee728b)  -> (artifact id: '43f8b7e9e5898eac6b716d29469ffb7f') in 0.011994 seconds
  Import took 0.015024 seconds .

========================================================================
Received Prepare
Registering precompiled user dll's ...
Registered in 0.001370 seconds.
Begin MonoManager ReloadAssembly
Native extension for WindowsStandalone target not found
Native extension for WebGL target not found
Refreshing native plugins compatible for Editor in 0.37 ms, found 0 plugins.
Preloading 0 native plugins for Editor in 0.00 ms.
Invoked RoslynAnalysisRunner static constructor.
RoslynAnalysisRunner will not be running.
RoslynAnalysisRunner has terminated.
Mono: successfully reloaded assembly
- Completed reload, in  2.445 seconds
Platform modules already initialized, skipping
Refreshing native plugins compatible for Editor in 0.34 ms, found 0 plugins.
Preloading 0 native plugins for Editor in 0.00 ms.
Unloading 1435 Unused Serialized files (Serialized files now loaded: 0)
System memory in use before: 91.2 MB.
System memory in use after: 91.1 MB.

Unloading 9 unused Assets to reduce memory usage. Loaded Objects now: 1980.
Total: 4.584400 ms (FindLiveObjects: 0.381100 ms CreateObjectMapping: 0.920300 ms MarkObjects: 3.048400 ms  DeleteObjects: 0.231700 ms)

========================================================================
Received Import Request.
  Time since last request: 253.106722 seconds.
  path: Assets/Scenes/Menu.unity
  artifactKey: Guid(9228a71e78ae90948984de5341b033b7) Importer(815301076,1909f56bfc062723c751e8b465ee728b)
Start importing Assets/Scenes/Menu.unity using Guid(9228a71e78ae90948984de5341b033b7) Importer(815301076,1909f56bfc062723c751e8b465ee728b)  -> (artifact id: 'd41c0e6fc4c1c31d63aa0fee0dbaae2b') in 0.035255 seconds
  Import took 0.039099 seconds .

========================================================================
Received Prepare
Registering precompiled user dll's ...
Registered in 0.001962 seconds.
Begin MonoManager ReloadAssembly
Native extension for WindowsStandalone target not found
Native extension for WebGL target not found
Refreshing native plugins compatible for Editor in 0.52 ms, found 0 plugins.
Preloading 0 native plugins for Editor in 0.00 ms.
Invoked RoslynAnalysisRunner static constructor.
RoslynAnalysisRunner will not be running.
RoslynAnalysisRunner has terminated.
Mono: successfully reloaded assembly
- Completed reload, in  1.377 seconds
Platform modules already initialized, skipping
Refreshing native plugins compatible for Editor in 0.33 ms, found 0 plugins.
Preloading 0 native plugins for Editor in 0.00 ms.
Unloading 1435 Unused Serialized files (Serialized files now loaded: 0)
System memory in use before: 91.2 MB.
System memory in use after: 91.1 MB.

Unloading 9 unused Assets to reduce memory usage. Loaded Objects now: 1982.
Total: 2.464400 ms (FindLiveObjects: 0.208900 ms CreateObjectMapping: 0.099700 ms MarkObjects: 1.899400 ms  DeleteObjects: 0.236900 ms)

========================================================================
Received Prepare
Registering precompiled user dll's ...
Registered in 0.001672 seconds.
Begin MonoManager ReloadAssembly
Native extension for WindowsStandalone target not found
Native extension for WebGL target not found
Refreshing native plugins compatible for Editor in 0.32 ms, found 0 plugins.
Preloading 0 native plugins for Editor in 0.00 ms.
Invoked RoslynAnalysisRunner static constructor.
RoslynAnalysisRunner will not be running.
RoslynAnalysisRunner has terminated.
Mono: successfully reloaded assembly
- Completed reload, in  1.668 seconds
Platform modules already initialized, skipping
Refreshing native plugins compatible for Editor in 0.57 ms, found 0 plugins.
Preloading 0 native plugins for Editor in 0.00 ms.
Unloading 1435 Unused Serialized files (Serialized files now loaded: 0)
System memory in use before: 91.2 MB.
System memory in use after: 91.1 MB.

Unloading 9 unused Assets to reduce memory usage. Loaded Objects now: 1984.
Total: 4.689700 ms (FindLiveObjects: 0.328000 ms CreateObjectMapping: 0.213100 ms MarkObjects: 3.688800 ms  DeleteObjects: 0.456700 ms)

========================================================================
Received Prepare
Registering precompiled user dll's ...
Registered in 0.000992 seconds.
Begin MonoManager ReloadAssembly
Native extension for WindowsStandalone target not found
Native extension for WebGL target not found
Refreshing native plugins compatible for Editor in 0.33 ms, found 0 plugins.
Preloading 0 native plugins for Editor in 0.00 ms.
Invoked RoslynAnalysisRunner static constructor.
RoslynAnalysisRunner will not be running.
RoslynAnalysisRunner has terminated.
Mono: successfully reloaded assembly
- Completed reload, in  1.398 seconds
Platform modules already initialized, skipping
Refreshing native plugins compatible for Editor in 0.73 ms, found 0 plugins.
Preloading 0 native plugins for Editor in 0.00 ms.
Unloading 1435 Unused Serialized files (Serialized files now loaded: 0)
System memory in use before: 91.2 MB.
System memory in use after: 91.2 MB.

Unloading 9 unused Assets to reduce memory usage. Loaded Objects now: 1986.
Total: 3.439200 ms (FindLiveObjects: 0.384100 ms CreateObjectMapping: 0.103200 ms MarkObjects: 2.696000 ms  DeleteObjects: 0.253100 ms)

========================================================================
Received Prepare
Registering precompiled user dll's ...
Registered in 0.000973 seconds.
Begin MonoManager ReloadAssembly
Native extension for WindowsStandalone target not found
Native extension for WebGL target not found
Refreshing native plugins compatible for Editor in 0.32 ms, found 0 plugins.
Preloading 0 native plugins for Editor in 0.00 ms.
Invoked RoslynAnalysisRunner static constructor.
RoslynAnalysisRunner will not be running.
RoslynAnalysisRunner has terminated.
Mono: successfully reloaded assembly
- Completed reload, in  1.318 seconds
Platform modules already initialized, skipping
Refreshing native plugins compatible for Editor in 0.33 ms, found 0 plugins.
Preloading 0 native plugins for Editor in 0.00 ms.
Unloading 1436 Unused Serialized files (Serialized files now loaded: 0)
System memory in use before: 91.3 MB.
System memory in use after: 91.2 MB.

Unloading 9 unused Assets to reduce memory usage. Loaded Objects now: 1989.
Total: 2.440300 ms (FindLiveObjects: 0.197600 ms CreateObjectMapping: 0.058400 ms MarkObjects: 1.859300 ms  DeleteObjects: 0.323400 ms)

========================================================================
Received Import Request.
  Time since last request: 1657.543658 seconds.
  path: Assets/Scripts
  artifactKey: Guid(92412c1f1c9338543865edb7ae54745a) Importer(815301076,1909f56bfc062723c751e8b465ee728b)
Start importing Assets/Scripts using Guid(92412c1f1c9338543865edb7ae54745a) Importer(815301076,1909f56bfc062723c751e8b465ee728b)  -> (artifact id: '71c11a08bd7c628a10e7aec57f82da17') in 0.017337 seconds
  Import took 0.077977 seconds .

========================================================================
Received Import Request.
  Time since last request: 6.890736 seconds.
  path: Assets/Scripts/MainMenu.cs
  artifactKey: Guid(3303b8fa0a0c760429b41b38a1e2053a) Importer(815301076,1909f56bfc062723c751e8b465ee728b)
Start importing Assets/Scripts/MainMenu.cs using Guid(3303b8fa0a0c760429b41b38a1e2053a) Importer(815301076,1909f56bfc062723c751e8b465ee728b)  -> (artifact id: '718ec9e4124a9a694c13262df54f955e') in 0.056444 seconds
  Import took 0.069432 seconds .

========================================================================
Received Import Request.
  Time since last request: 282.840963 seconds.
  path: Assets/MainMenu.cs
  artifactKey: Guid(b12ff415dc82b844787bca7c465c50ae) Importer(815301076,1909f56bfc062723c751e8b465ee728b)
Start importing Assets/MainMenu.cs using Guid(b12ff415dc82b844787bca7c465c50ae) Importer(815301076,1909f56bfc062723c751e8b465ee728b)  -> (artifact id: '2e9bbf3e882cbf0d97ea10b4aa9ceb41') in 0.009759 seconds
  Import took 0.039436 seconds .

========================================================================
Received Prepare
Registering precompiled user dll's ...
Registered in 0.001159 seconds.
Begin MonoManager ReloadAssembly
Native extension for WindowsStandalone target not found
Native extension for WebGL target not found
Refreshing native plugins compatible for Editor in 0.33 ms, found 0 plugins.
Preloading 0 native plugins for Editor in 0.00 ms.
Invoked RoslynAnalysisRunner static constructor.
RoslynAnalysisRunner will not be running.
RoslynAnalysisRunner has terminated.
Mono: successfully reloaded assembly
- Completed reload, in  1.645 seconds
Platform modules already initialized, skipping
Refreshing native plugins compatible for Editor in 0.32 ms, found 0 plugins.
Preloading 0 native plugins for Editor in 0.00 ms.
Unloading 1436 Unused Serialized files (Serialized files now loaded: 0)
System memory in use before: 91.3 MB.
System memory in use after: 91.2 MB.

Unloading 10 unused Assets to reduce memory usage. Loaded Objects now: 1991.
Total: 2.114600 ms (FindLiveObjects: 0.171100 ms CreateObjectMapping: 0.059200 ms MarkObjects: 1.652500 ms  DeleteObjects: 0.230600 ms)

========================================================================
Received Prepare
Registering precompiled user dll's ...
Registered in 0.001306 seconds.
Begin MonoManager ReloadAssembly
Native extension for WindowsStandalone target not found
Native extension for WebGL target not found
Refreshing native plugins compatible for Editor in 0.31 ms, found 0 plugins.
Preloading 0 native plugins for Editor in 0.00 ms.
Invoked RoslynAnalysisRunner static constructor.
RoslynAnalysisRunner will not be running.
RoslynAnalysisRunner has terminated.
Mono: successfully reloaded assembly
- Completed reload, in  1.518 seconds
Platform modules already initialized, skipping
Refreshing native plugins compatible for Editor in 0.53 ms, found 0 plugins.
Preloading 0 native plugins for Editor in 0.00 ms.
Unloading 1436 Unused Serialized files (Serialized files now loaded: 0)
System memory in use before: 91.3 MB.
System memory in use after: 91.2 MB.

Unloading 9 unused Assets to reduce memory usage. Loaded Objects now: 1993.
Total: 2.357500 ms (FindLiveObjects: 0.180100 ms CreateObjectMapping: 0.064000 ms MarkObjects: 1.869000 ms  DeleteObjects: 0.243100 ms)

========================================================================
Received Prepare
Registering precompiled user dll's ...
Registered in 0.002405 seconds.
Begin MonoManager ReloadAssembly
Native extension for WindowsStandalone target not found
Native extension for WebGL target not found
Refreshing native plugins compatible for Editor in 1.09 ms, found 0 plugins.
Preloading 0 native plugins for Editor in 0.00 ms.
Invoked RoslynAnalysisRunner static constructor.
RoslynAnalysisRunner will not be running.
RoslynAnalysisRunner has terminated.
Mono: successfully reloaded assembly
- Completed reload, in  1.669 seconds
Platform modules already initialized, skipping
Refreshing native plugins compatible for Editor in 0.43 ms, found 0 plugins.
Preloading 0 native plugins for Editor in 0.00 ms.
Unloading 1436 Unused Serialized files (Serialized files now loaded: 0)
System memory in use before: 91.3 MB.
System memory in use after: 91.2 MB.

Unloading 9 unused Assets to reduce memory usage. Loaded Objects now: 1995.
Total: 2.341300 ms (FindLiveObjects: 0.220000 ms CreateObjectMapping: 0.069100 ms MarkObjects: 1.771500 ms  DeleteObjects: 0.279500 ms)

========================================================================
Received Prepare
Registering precompiled user dll's ...
Registered in 0.001102 seconds.
Begin MonoManager ReloadAssembly
Native extension for WindowsStandalone target not found
Native extension for WebGL target not found
Refreshing native plugins compatible for Editor in 0.94 ms, found 0 plugins.
Preloading 0 native plugins for Editor in 0.00 ms.
Invoked RoslynAnalysisRunner static constructor.
RoslynAnalysisRunner will not be running.
RoslynAnalysisRunner has terminated.
Mono: successfully reloaded assembly
- Completed reload, in  1.634 seconds
Platform modules already initialized, skipping
Refreshing native plugins compatible for Editor in 0.35 ms, found 0 plugins.
Preloading 0 native plugins for Editor in 0.00 ms.
Unloading 1436 Unused Serialized files (Serialized files now loaded: 0)
System memory in use before: 91.3 MB.
System memory in use after: 91.2 MB.

Unloading 9 unused Assets to reduce memory usage. Loaded Objects now: 1997.
Total: 2.248900 ms (FindLiveObjects: 0.175300 ms CreateObjectMapping: 0.060200 ms MarkObjects: 1.766800 ms  DeleteObjects: 0.245000 ms)

========================================================================
Received Prepare
Registering precompiled user dll's ...
Registered in 0.000948 seconds.
Begin MonoManager ReloadAssembly
Native extension for WindowsStandalone target not found
Native extension for WebGL target not found
Refreshing native plugins compatible for Editor in 0.35 ms, found 0 plugins.
Preloading 0 native plugins for Editor in 0.00 ms.
Invoked RoslynAnalysisRunner static constructor.
RoslynAnalysisRunner will not be running.
RoslynAnalysisRunner has terminated.
Mono: successfully reloaded assembly
- Completed reload, in  1.873 seconds
Platform modules already initialized, skipping
Refreshing native plugins compatible for Editor in 4.68 ms, found 0 plugins.
Preloading 0 native plugins for Editor in 0.00 ms.
Unloading 1436 Unused Serialized files (Serialized files now loaded: 0)
System memory in use before: 91.3 MB.
System memory in use after: 91.2 MB.

Unloading 9 unused Assets to reduce memory usage. Loaded Objects now: 1999.
Total: 4.731000 ms (FindLiveObjects: 0.877100 ms CreateObjectMapping: 0.359800 ms MarkObjects: 3.185200 ms  DeleteObjects: 0.261800 ms)

========================================================================
Received Prepare
Registering precompiled user dll's ...
Registered in 0.001006 seconds.
Begin MonoManager ReloadAssembly
Native extension for WindowsStandalone target not found
Native extension for WebGL target not found
Refreshing native plugins compatible for Editor in 0.43 ms, found 0 plugins.
Preloading 0 native plugins for Editor in 0.00 ms.
Invoked RoslynAnalysisRunner static constructor.
RoslynAnalysisRunner will not be running.
RoslynAnalysisRunner has terminated.
Mono: successfully reloaded assembly
- Completed reload, in  1.530 seconds
Platform modules already initialized, skipping
Refreshing native plugins compatible for Editor in 0.32 ms, found 0 plugins.
Preloading 0 native plugins for Editor in 0.00 ms.
Unloading 1436 Unused Serialized files (Serialized files now loaded: 0)
System memory in use before: 91.3 MB.
System memory in use after: 91.2 MB.

Unloading 9 unused Assets to reduce memory usage. Loaded Objects now: 2001.
Total: 2.215700 ms (FindLiveObjects: 0.168600 ms CreateObjectMapping: 0.057900 ms MarkObjects: 1.747600 ms  DeleteObjects: 0.240400 ms)

========================================================================
Received Prepare
Registering precompiled user dll's ...
Registered in 0.000982 seconds.
Begin MonoManager ReloadAssembly
Native extension for WindowsStandalone target not found
Native extension for WebGL target not found
Refreshing native plugins compatible for Editor in 0.33 ms, found 0 plugins.
Preloading 0 native plugins for Editor in 0.00 ms.
Invoked RoslynAnalysisRunner static constructor.
RoslynAnalysisRunner will not be running.
RoslynAnalysisRunner has terminated.
Mono: successfully reloaded assembly
- Completed reload, in  1.692 seconds
Platform modules already initialized, skipping
Refreshing native plugins compatible for Editor in 0.33 ms, found 0 plugins.
Preloading 0 native plugins for Editor in 0.00 ms.
Unloading 1436 Unused Serialized files (Serialized files now loaded: 0)
System memory in use before: 91.3 MB.
System memory in use after: 91.2 MB.

Unloading 9 unused Assets to reduce memory usage. Loaded Objects now: 2003.
Total: 2.176800 ms (FindLiveObjects: 0.173700 ms CreateObjectMapping: 0.062500 ms MarkObjects: 1.687200 ms  DeleteObjects: 0.252200 ms)

AssetImportWorkerClient::OnTransportError - code=2 error=End of file
